<?xml version="1.0" encoding="UTF-8"?>
<testsuite xmlns:xsi="http://www.w3.org/2001/XMLSchema-instance" xsi:noNamespaceSchemaLocation="https://maven.apache.org/surefire/maven-surefire-plugin/xsd/surefire-test-report-3.0.xsd" version="3.0" name="TestSuite" time="21.41" tests="11" errors="0" skipped="0" failures="0">
  <properties>
    <property name="java.specification.version" value="24"/>
    <property name="sun.jnu.encoding" value="UTF-8"/>
    <property name="java.class.path" value="/Users/aapu/eclipse-workspace/Dsalgo_Project3/target/test-classes:/Users/aapu/eclipse-workspace/Dsalgo_Project3/target/classes:/Users/aapu/.m2/repository/org/seleniumhq/selenium/selenium-java/4.33.0/selenium-java-4.33.0.jar:/Users/aapu/.m2/repository/org/seleniumhq/selenium/selenium-api/4.33.0/selenium-api-4.33.0.jar:/Users/aapu/.m2/repository/org/jspecify/jspecify/1.0.0/jspecify-1.0.0.jar:/Users/aapu/.m2/repository/org/seleniumhq/selenium/selenium-chrome-driver/4.33.0/selenium-chrome-driver-4.33.0.jar:/Users/aapu/.m2/repository/com/google/auto/service/auto-service-annotations/1.1.1/auto-service-annotations-1.1.1.jar:/Users/aapu/.m2/repository/org/seleniumhq/selenium/selenium-chromium-driver/4.33.0/selenium-chromium-driver-4.33.0.jar:/Users/aapu/.m2/repository/org/seleniumhq/selenium/selenium-json/4.33.0/selenium-json-4.33.0.jar:/Users/aapu/.m2/repository/org/seleniumhq/selenium/selenium-manager/4.33.0/selenium-manager-4.33.0.jar:/Users/aapu/.m2/repository/org/seleniumhq/selenium/selenium-devtools-v135/4.33.0/selenium-devtools-v135-4.33.0.jar:/Users/aapu/.m2/repository/org/seleniumhq/selenium/selenium-devtools-v136/4.33.0/selenium-devtools-v136-4.33.0.jar:/Users/aapu/.m2/repository/org/seleniumhq/selenium/selenium-devtools-v137/4.33.0/selenium-devtools-v137-4.33.0.jar:/Users/aapu/.m2/repository/org/seleniumhq/selenium/selenium-edge-driver/4.33.0/selenium-edge-driver-4.33.0.jar:/Users/aapu/.m2/repository/org/seleniumhq/selenium/selenium-firefox-driver/4.33.0/selenium-firefox-driver-4.33.0.jar:/Users/aapu/.m2/repository/org/seleniumhq/selenium/selenium-http/4.33.0/selenium-http-4.33.0.jar:/Users/aapu/.m2/repository/org/seleniumhq/selenium/selenium-ie-driver/4.33.0/selenium-ie-driver-4.33.0.jar:/Users/aapu/.m2/repository/org/seleniumhq/selenium/selenium-remote-driver/4.33.0/selenium-remote-driver-4.33.0.jar:/Users/aapu/.m2/repository/com/google/guava/guava/33.4.8-jre/guava-33.4.8-jre.jar:/Users/aapu/.m2/repository/com/google/guava/failureaccess/1.0.3/failureaccess-1.0.3.jar:/Users/aapu/.m2/repository/com/google/guava/listenablefuture/9999.0-empty-to-avoid-conflict-with-guava/listenablefuture-9999.0-empty-to-avoid-conflict-with-guava.jar:/Users/aapu/.m2/repository/com/google/errorprone/error_prone_annotations/2.36.0/error_prone_annotations-2.36.0.jar:/Users/aapu/.m2/repository/com/google/j2objc/j2objc-annotations/3.0.0/j2objc-annotations-3.0.0.jar:/Users/aapu/.m2/repository/io/opentelemetry/opentelemetry-api/1.50.0/opentelemetry-api-1.50.0.jar:/Users/aapu/.m2/repository/io/opentelemetry/opentelemetry-context/1.50.0/opentelemetry-context-1.50.0.jar:/Users/aapu/.m2/repository/io/opentelemetry/opentelemetry-exporter-logging/1.50.0/opentelemetry-exporter-logging-1.50.0.jar:/Users/aapu/.m2/repository/io/opentelemetry/opentelemetry-sdk-common/1.50.0/opentelemetry-sdk-common-1.50.0.jar:/Users/aapu/.m2/repository/io/opentelemetry/opentelemetry-sdk-extension-autoconfigure-spi/1.50.0/opentelemetry-sdk-extension-autoconfigure-spi-1.50.0.jar:/Users/aapu/.m2/repository/io/opentelemetry/opentelemetry-sdk-extension-autoconfigure/1.50.0/opentelemetry-sdk-extension-autoconfigure-1.50.0.jar:/Users/aapu/.m2/repository/io/opentelemetry/opentelemetry-sdk-trace/1.50.0/opentelemetry-sdk-trace-1.50.0.jar:/Users/aapu/.m2/repository/io/opentelemetry/opentelemetry-sdk/1.50.0/opentelemetry-sdk-1.50.0.jar:/Users/aapu/.m2/repository/io/opentelemetry/opentelemetry-sdk-metrics/1.50.0/opentelemetry-sdk-metrics-1.50.0.jar:/Users/aapu/.m2/repository/io/opentelemetry/opentelemetry-sdk-logs/1.50.0/opentelemetry-sdk-logs-1.50.0.jar:/Users/aapu/.m2/repository/net/bytebuddy/byte-buddy/1.17.5/byte-buddy-1.17.5.jar:/Users/aapu/.m2/repository/org/seleniumhq/selenium/selenium-os/4.33.0/selenium-os-4.33.0.jar:/Users/aapu/.m2/repository/org/apache/commons/commons-exec/1.4.0/commons-exec-1.4.0.jar:/Users/aapu/.m2/repository/org/seleniumhq/selenium/selenium-safari-driver/4.33.0/selenium-safari-driver-4.33.0.jar:/Users/aapu/.m2/repository/org/seleniumhq/selenium/selenium-support/4.33.0/selenium-support-4.33.0.jar:/Users/aapu/.m2/repository/io/cucumber/cucumber-java/7.23.0/cucumber-java-7.23.0.jar:/Users/aapu/.m2/repository/io/cucumber/cucumber-core/7.23.0/cucumber-core-7.23.0.jar:/Users/aapu/.m2/repository/io/cucumber/cucumber-gherkin/7.23.0/cucumber-gherkin-7.23.0.jar:/Users/aapu/.m2/repository/io/cucumber/cucumber-gherkin-messages/7.23.0/cucumber-gherkin-messages-7.23.0.jar:/Users/aapu/.m2/repository/io/cucumber/gherkin/32.1.1/gherkin-32.1.1.jar:/Users/aapu/.m2/repository/io/cucumber/messages/27.2.0/messages-27.2.0.jar:/Users/aapu/.m2/repository/io/cucumber/testng-xml-formatter/0.3.1/testng-xml-formatter-0.3.1.jar:/Users/aapu/.m2/repository/io/cucumber/query/13.6.0/query-13.6.0.jar:/Users/aapu/.m2/repository/io/cucumber/tag-expressions/6.1.2/tag-expressions-6.1.2.jar:/Users/aapu/.m2/repository/io/cucumber/cucumber-expressions/18.0.1/cucumber-expressions-18.0.1.jar:/Users/aapu/.m2/repository/io/cucumber/datatable/7.23.0/datatable-7.23.0.jar:/Users/aapu/.m2/repository/io/cucumber/cucumber-plugin/7.23.0/cucumber-plugin-7.23.0.jar:/Users/aapu/.m2/repository/io/cucumber/docstring/7.23.0/docstring-7.23.0.jar:/Users/aapu/.m2/repository/io/cucumber/html-formatter/21.10.1/html-formatter-21.10.1.jar:/Users/aapu/.m2/repository/io/cucumber/junit-xml-formatter/0.7.1/junit-xml-formatter-0.7.1.jar:/Users/aapu/.m2/repository/io/cucumber/ci-environment/10.0.1/ci-environment-10.0.1.jar:/Users/aapu/.m2/repository/org/apiguardian/apiguardian-api/1.1.2/apiguardian-api-1.1.2.jar:/Users/aapu/.m2/repository/io/cucumber/cucumber-junit/7.23.0/cucumber-junit-7.23.0.jar:/Users/aapu/.m2/repository/junit/junit/4.8.1/junit-4.8.1.jar:/Users/aapu/.m2/repository/io/cucumber/cucumber-testng/7.23.0/cucumber-testng-7.23.0.jar:/Users/aapu/.m2/repository/org/testng/testng/7.11.0/testng-7.11.0.jar:/Users/aapu/.m2/repository/org/jcommander/jcommander/1.83/jcommander-1.83.jar:/Users/aapu/.m2/repository/org/webjars/jquery/3.7.1/jquery-3.7.1.jar:/Users/aapu/.m2/repository/com/googlecode/json-simple/json-simple/1.1.1/json-simple-1.1.1.jar:/Users/aapu/.m2/repository/org/slf4j/slf4j-simple/2.1.0-alpha1/slf4j-simple-2.1.0-alpha1.jar:/Users/aapu/.m2/repository/org/slf4j/slf4j-api/2.1.0-alpha1/slf4j-api-2.1.0-alpha1.jar:/Users/aapu/.m2/repository/org/apache/logging/log4j/log4j-core/2.24.3/log4j-core-2.24.3.jar:/Users/aapu/.m2/repository/org/apache/logging/log4j/log4j-api/2.24.3/log4j-api-2.24.3.jar:/Users/aapu/.m2/repository/io/qameta/allure/allure-cucumber-jvm/2.20.1/allure-cucumber-jvm-2.20.1.jar:/Users/aapu/.m2/repository/io/qameta/allure/allure-java-commons/2.20.1/allure-java-commons-2.20.1.jar:/Users/aapu/.m2/repository/io/qameta/allure/allure-model/2.20.1/allure-model-2.20.1.jar:/Users/aapu/.m2/repository/info/cukes/gherkin/2.12.2/gherkin-2.12.2.jar:/Users/aapu/.m2/repository/tech/grasshopper/extentreports-cucumber7-adapter/1.14.0/extentreports-cucumber7-adapter-1.14.0.jar:/Users/aapu/.m2/repository/com/aventstack/extentreports/5.1.0/extentreports-5.1.0.jar:/Users/aapu/.m2/repository/io/reactivex/rxjava3/rxjava/3.1.6/rxjava-3.1.6.jar:/Users/aapu/.m2/repository/org/reactivestreams/reactive-streams/1.0.4/reactive-streams-1.0.4.jar:/Users/aapu/.m2/repository/org/freemarker/freemarker/2.3.32/freemarker-2.3.32.jar:/Users/aapu/.m2/repository/org/projectlombok/lombok/1.18.26/lombok-1.18.26.jar:/Users/aapu/.m2/repository/com/google/code/gson/gson/2.10.1/gson-2.10.1.jar:/Users/aapu/.m2/repository/tech/grasshopper/extent-pdf-report/2.12.0/extent-pdf-report-2.12.0.jar:/Users/aapu/.m2/repository/tech/grasshopper/cucumber-pdf-report/2.14.0/cucumber-pdf-report-2.14.0.jar:/Users/aapu/.m2/repository/org/apache/pdfbox/pdfbox/2.0.26/pdfbox-2.0.26.jar:/Users/aapu/.m2/repository/org/apache/pdfbox/fontbox/2.0.26/fontbox-2.0.26.jar:/Users/aapu/.m2/repository/org/knowm/xchart/xchart/3.8.0/xchart-3.8.0.jar:/Users/aapu/.m2/repository/de/erichseifert/vectorgraphics2d/VectorGraphics2D/0.13/VectorGraphics2D-0.13.jar:/Users/aapu/.m2/repository/de/rototor/pdfbox/graphics2d/0.30/graphics2d-0.30.jar:/Users/aapu/.m2/repository/com/madgag/animated-gif-lib/1.4/animated-gif-lib-1.4.jar:/Users/aapu/.m2/repository/org/yaml/snakeyaml/2.0/snakeyaml-2.0.jar:/Users/aapu/.m2/repository/tech/grasshopper/table-layout/1.5.1/table-layout-1.5.1.jar:/Users/aapu/.m2/repository/tech/grasshopper/rest-assured-cucumber-pdf-report/1.5.0/rest-assured-cucumber-pdf-report-1.5.0.jar:/Users/aapu/.m2/repository/org/jsoup/jsoup/1.15.3/jsoup-1.15.3.jar:/Users/aapu/.m2/repository/com/aventstack/klov-reporter/5.1.0/klov-reporter-5.1.0.jar:/Users/aapu/.m2/repository/org/mongodb/mongodb-driver/3.6.4/mongodb-driver-3.6.4.jar:/Users/aapu/.m2/repository/org/mongodb/mongodb-driver-core/3.6.4/mongodb-driver-core-3.6.4.jar:/Users/aapu/.m2/repository/org/mongodb/bson/3.6.4/bson-3.6.4.jar:/Users/aapu/.m2/repository/org/apache/httpcomponents/httpclient/4.5.13/httpclient-4.5.13.jar:/Users/aapu/.m2/repository/org/apache/httpcomponents/httpcore/4.4.13/httpcore-4.4.13.jar:/Users/aapu/.m2/repository/commons-logging/commons-logging/1.2/commons-logging-1.2.jar:/Users/aapu/.m2/repository/org/apache/httpcomponents/httpmime/4.5.13/httpmime-4.5.13.jar:/Users/aapu/.m2/repository/tech/grasshopper/htmlextentreporter/1.1.0/htmlextentreporter-1.1.0.jar:/Users/aapu/.m2/repository/tech/grasshopper/extent-excel-report/1.4.0/extent-excel-report-1.4.0.jar:/Users/aapu/.m2/repository/io/cucumber/cucumber-picocontainer/7.23.0/cucumber-picocontainer-7.23.0.jar:/Users/aapu/.m2/repository/org/picocontainer/picocontainer/2.15.2/picocontainer-2.15.2.jar:/Users/aapu/.m2/repository/org/apache/maven/plugins/maven-failsafe-plugin/3.5.3/maven-failsafe-plugin-3.5.3.jar:/Users/aapu/.m2/repository/org/apache/maven/surefire/surefire-api/3.5.3/surefire-api-3.5.3.jar:/Users/aapu/.m2/repository/org/apache/maven/surefire/surefire-logger-api/3.5.3/surefire-logger-api-3.5.3.jar:/Users/aapu/.m2/repository/org/apache/maven/surefire/surefire-booter/3.5.3/surefire-booter-3.5.3.jar:/Users/aapu/.m2/repository/org/apache/maven/surefire/surefire-extensions-spi/3.5.3/surefire-extensions-spi-3.5.3.jar:/Users/aapu/.m2/repository/org/apache/maven/surefire/surefire-extensions-api/3.5.3/surefire-extensions-api-3.5.3.jar:/Users/aapu/.m2/repository/org/apache/maven/surefire/surefire-shared-utils/3.5.3/surefire-shared-utils-3.5.3.jar:/Users/aapu/.m2/repository/org/apache/maven/surefire/maven-surefire-common/3.5.3/maven-surefire-common-3.5.3.jar:/Users/aapu/.m2/repository/org/apache/maven/resolver/maven-resolver-util/1.4.1/maven-resolver-util-1.4.1.jar:/Users/aapu/.m2/repository/org/apache/maven/resolver/maven-resolver-api/1.4.1/maven-resolver-api-1.4.1.jar:/Users/aapu/.m2/repository/org/apache/maven/shared/maven-common-artifact-filters/3.4.0/maven-common-artifact-filters-3.4.0.jar:/Users/aapu/.m2/repository/org/codehaus/plexus/plexus-java/1.4.0/plexus-java-1.4.0.jar:/Users/aapu/.m2/repository/com/thoughtworks/qdox/qdox/2.2.0/qdox-2.2.0.jar:/Users/aapu/.m2/repository/org/apache/maven/plugins/maven-surefire-plugin/3.5.3/maven-surefire-plugin-3.5.3.jar:/Users/aapu/.m2/repository/org/apache/maven/plugins/maven-compiler-plugin/4.0.0-beta-2/maven-compiler-plugin-4.0.0-beta-2.jar:/Users/aapu/.m2/repository/org/ow2/asm/asm/9.7.1/asm-9.7.1.jar:/Users/aapu/.m2/repository/org/apache/poi/poi/3.16-beta2/poi-3.16-beta2.jar:/Users/aapu/.m2/repository/commons-codec/commons-codec/1.10/commons-codec-1.10.jar:/Users/aapu/.m2/repository/org/apache/commons/commons-collections4/4.1/commons-collections4-4.1.jar:/Users/aapu/.m2/repository/org/apache/poi/poi-ooxml/3.9/poi-ooxml-3.9.jar:/Users/aapu/.m2/repository/dom4j/dom4j/1.6.1/dom4j-1.6.1.jar:/Users/aapu/.m2/repository/xml-apis/xml-apis/1.0.b2/xml-apis-1.0.b2.jar:/Users/aapu/.m2/repository/org/apache/poi/poi-ooxml-schemas/3.9/poi-ooxml-schemas-3.9.jar:/Users/aapu/.m2/repository/org/apache/xmlbeans/xmlbeans/2.3.0/xmlbeans-2.3.0.jar:/Users/aapu/.m2/repository/stax/stax-api/1.0.1/stax-api-1.0.1.jar:/Users/aapu/.m2/repository/org/apache/poi/poi-scratchpad/3.9/poi-scratchpad-3.9.jar:/Users/aapu/.m2/repository/org/apache/poi/ooxml-schemas/1.1/ooxml-schemas-1.1.jar:/Users/aapu/.m2/repository/org/apache/poi/openxml4j/1.0-beta/openxml4j-1.0-beta.jar:/Users/aapu/.m2/repository/log4j/log4j/1.2.8/log4j-1.2.8.jar:/Users/aapu/.m2/repository/finpro/finpro/0.0.1-SNAPSHOT/finpro-0.0.1-SNAPSHOT.jar:/Users/aapu/.m2/repository/io/github/bonigarcia/webdrivermanager/5.5.3/webdrivermanager-5.5.3.jar:/Users/aapu/.m2/repository/com/github/docker-java/docker-java/3.3.3/docker-java-3.3.3.jar:/Users/aapu/.m2/repository/com/github/docker-java/docker-java-core/3.3.3/docker-java-core-3.3.3.jar:/Users/aapu/.m2/repository/com/github/docker-java/docker-java-api/3.3.3/docker-java-api-3.3.3.jar:/Users/aapu/.m2/repository/com/fasterxml/jackson/core/jackson-annotations/2.10.3/jackson-annotations-2.10.3.jar:/Users/aapu/.m2/repository/commons-io/commons-io/2.6/commons-io-2.6.jar:/Users/aapu/.m2/repository/org/apache/commons/commons-compress/1.21/commons-compress-1.21.jar:/Users/aapu/.m2/repository/com/fasterxml/jackson/core/jackson-databind/2.10.3/jackson-databind-2.10.3.jar:/Users/aapu/.m2/repository/com/fasterxml/jackson/core/jackson-core/2.10.3/jackson-core-2.10.3.jar:/Users/aapu/.m2/repository/org/bouncycastle/bcpkix-jdk18on/1.75/bcpkix-jdk18on-1.75.jar:/Users/aapu/.m2/repository/org/bouncycastle/bcprov-jdk18on/1.75/bcprov-jdk18on-1.75.jar:/Users/aapu/.m2/repository/org/bouncycastle/bcutil-jdk18on/1.75/bcutil-jdk18on-1.75.jar:/Users/aapu/.m2/repository/org/slf4j/jcl-over-slf4j/1.7.30/jcl-over-slf4j-1.7.30.jar:/Users/aapu/.m2/repository/com/github/docker-java/docker-java-transport-httpclient5/3.3.3/docker-java-transport-httpclient5-3.3.3.jar:/Users/aapu/.m2/repository/com/github/docker-java/docker-java-transport/3.3.3/docker-java-transport-3.3.3.jar:/Users/aapu/.m2/repository/net/java/dev/jna/jna/5.12.1/jna-5.12.1.jar:/Users/aapu/.m2/repository/org/brotli/dec/0.1.2/dec-0.1.2.jar:/Users/aapu/.m2/repository/org/apache/commons/commons-lang3/3.13.0/commons-lang3-3.13.0.jar:/Users/aapu/.m2/repository/org/apache/httpcomponents/client5/httpclient5/5.2.1/httpclient5-5.2.1.jar:/Users/aapu/.m2/repository/org/apache/httpcomponents/core5/httpcore5/5.2/httpcore5-5.2.jar:/Users/aapu/.m2/repository/org/apache/httpcomponents/core5/httpcore5-h2/5.2/httpcore5-h2-5.2.jar:"/>
    <property name="java.vm.vendor" value="Oracle Corporation"/>
    <property name="sun.arch.data.model" value="64"/>
    <property name="java.vendor.url" value="https://java.oracle.com/"/>
    <property name="user.timezone" value="America/New_York"/>
    <property name="os.name" value="Mac OS X"/>
    <property name="java.vm.specification.version" value="24"/>
    <property name="sun.java.launcher" value="SUN_STANDARD"/>
    <property name="user.country" value="US"/>
    <property name="sun.boot.library.path" value="/Library/Java/JavaVirtualMachines/jdk-24.jdk/Contents/Home/lib"/>
    <property name="sun.java.command" value="/Users/aapu/eclipse-workspace/Dsalgo_Project3/target/surefire/surefirebooter-20250910160902556_3.jar /Users/aapu/eclipse-workspace/Dsalgo_Project3/target/surefire 2025-09-10T16-09-02_474-jvmRun1 surefire-20250910160902556_1tmp surefire_0-20250910160902556_2tmp"/>
    <property name="http.nonProxyHosts" value="local|*.local|169.254/16|*.169.254/16"/>
    <property name="jdk.debug" value="release"/>
    <property name="surefire.test.class.path" value="/Users/aapu/eclipse-workspace/Dsalgo_Project3/target/test-classes:/Users/aapu/eclipse-workspace/Dsalgo_Project3/target/classes:/Users/aapu/.m2/repository/org/seleniumhq/selenium/selenium-java/4.33.0/selenium-java-4.33.0.jar:/Users/aapu/.m2/repository/org/seleniumhq/selenium/selenium-api/4.33.0/selenium-api-4.33.0.jar:/Users/aapu/.m2/repository/org/jspecify/jspecify/1.0.0/jspecify-1.0.0.jar:/Users/aapu/.m2/repository/org/seleniumhq/selenium/selenium-chrome-driver/4.33.0/selenium-chrome-driver-4.33.0.jar:/Users/aapu/.m2/repository/com/google/auto/service/auto-service-annotations/1.1.1/auto-service-annotations-1.1.1.jar:/Users/aapu/.m2/repository/org/seleniumhq/selenium/selenium-chromium-driver/4.33.0/selenium-chromium-driver-4.33.0.jar:/Users/aapu/.m2/repository/org/seleniumhq/selenium/selenium-json/4.33.0/selenium-json-4.33.0.jar:/Users/aapu/.m2/repository/org/seleniumhq/selenium/selenium-manager/4.33.0/selenium-manager-4.33.0.jar:/Users/aapu/.m2/repository/org/seleniumhq/selenium/selenium-devtools-v135/4.33.0/selenium-devtools-v135-4.33.0.jar:/Users/aapu/.m2/repository/org/seleniumhq/selenium/selenium-devtools-v136/4.33.0/selenium-devtools-v136-4.33.0.jar:/Users/aapu/.m2/repository/org/seleniumhq/selenium/selenium-devtools-v137/4.33.0/selenium-devtools-v137-4.33.0.jar:/Users/aapu/.m2/repository/org/seleniumhq/selenium/selenium-edge-driver/4.33.0/selenium-edge-driver-4.33.0.jar:/Users/aapu/.m2/repository/org/seleniumhq/selenium/selenium-firefox-driver/4.33.0/selenium-firefox-driver-4.33.0.jar:/Users/aapu/.m2/repository/org/seleniumhq/selenium/selenium-http/4.33.0/selenium-http-4.33.0.jar:/Users/aapu/.m2/repository/org/seleniumhq/selenium/selenium-ie-driver/4.33.0/selenium-ie-driver-4.33.0.jar:/Users/aapu/.m2/repository/org/seleniumhq/selenium/selenium-remote-driver/4.33.0/selenium-remote-driver-4.33.0.jar:/Users/aapu/.m2/repository/com/google/guava/guava/33.4.8-jre/guava-33.4.8-jre.jar:/Users/aapu/.m2/repository/com/google/guava/failureaccess/1.0.3/failureaccess-1.0.3.jar:/Users/aapu/.m2/repository/com/google/guava/listenablefuture/9999.0-empty-to-avoid-conflict-with-guava/listenablefuture-9999.0-empty-to-avoid-conflict-with-guava.jar:/Users/aapu/.m2/repository/com/google/errorprone/error_prone_annotations/2.36.0/error_prone_annotations-2.36.0.jar:/Users/aapu/.m2/repository/com/google/j2objc/j2objc-annotations/3.0.0/j2objc-annotations-3.0.0.jar:/Users/aapu/.m2/repository/io/opentelemetry/opentelemetry-api/1.50.0/opentelemetry-api-1.50.0.jar:/Users/aapu/.m2/repository/io/opentelemetry/opentelemetry-context/1.50.0/opentelemetry-context-1.50.0.jar:/Users/aapu/.m2/repository/io/opentelemetry/opentelemetry-exporter-logging/1.50.0/opentelemetry-exporter-logging-1.50.0.jar:/Users/aapu/.m2/repository/io/opentelemetry/opentelemetry-sdk-common/1.50.0/opentelemetry-sdk-common-1.50.0.jar:/Users/aapu/.m2/repository/io/opentelemetry/opentelemetry-sdk-extension-autoconfigure-spi/1.50.0/opentelemetry-sdk-extension-autoconfigure-spi-1.50.0.jar:/Users/aapu/.m2/repository/io/opentelemetry/opentelemetry-sdk-extension-autoconfigure/1.50.0/opentelemetry-sdk-extension-autoconfigure-1.50.0.jar:/Users/aapu/.m2/repository/io/opentelemetry/opentelemetry-sdk-trace/1.50.0/opentelemetry-sdk-trace-1.50.0.jar:/Users/aapu/.m2/repository/io/opentelemetry/opentelemetry-sdk/1.50.0/opentelemetry-sdk-1.50.0.jar:/Users/aapu/.m2/repository/io/opentelemetry/opentelemetry-sdk-metrics/1.50.0/opentelemetry-sdk-metrics-1.50.0.jar:/Users/aapu/.m2/repository/io/opentelemetry/opentelemetry-sdk-logs/1.50.0/opentelemetry-sdk-logs-1.50.0.jar:/Users/aapu/.m2/repository/net/bytebuddy/byte-buddy/1.17.5/byte-buddy-1.17.5.jar:/Users/aapu/.m2/repository/org/seleniumhq/selenium/selenium-os/4.33.0/selenium-os-4.33.0.jar:/Users/aapu/.m2/repository/org/apache/commons/commons-exec/1.4.0/commons-exec-1.4.0.jar:/Users/aapu/.m2/repository/org/seleniumhq/selenium/selenium-safari-driver/4.33.0/selenium-safari-driver-4.33.0.jar:/Users/aapu/.m2/repository/org/seleniumhq/selenium/selenium-support/4.33.0/selenium-support-4.33.0.jar:/Users/aapu/.m2/repository/io/cucumber/cucumber-java/7.23.0/cucumber-java-7.23.0.jar:/Users/aapu/.m2/repository/io/cucumber/cucumber-core/7.23.0/cucumber-core-7.23.0.jar:/Users/aapu/.m2/repository/io/cucumber/cucumber-gherkin/7.23.0/cucumber-gherkin-7.23.0.jar:/Users/aapu/.m2/repository/io/cucumber/cucumber-gherkin-messages/7.23.0/cucumber-gherkin-messages-7.23.0.jar:/Users/aapu/.m2/repository/io/cucumber/gherkin/32.1.1/gherkin-32.1.1.jar:/Users/aapu/.m2/repository/io/cucumber/messages/27.2.0/messages-27.2.0.jar:/Users/aapu/.m2/repository/io/cucumber/testng-xml-formatter/0.3.1/testng-xml-formatter-0.3.1.jar:/Users/aapu/.m2/repository/io/cucumber/query/13.6.0/query-13.6.0.jar:/Users/aapu/.m2/repository/io/cucumber/tag-expressions/6.1.2/tag-expressions-6.1.2.jar:/Users/aapu/.m2/repository/io/cucumber/cucumber-expressions/18.0.1/cucumber-expressions-18.0.1.jar:/Users/aapu/.m2/repository/io/cucumber/datatable/7.23.0/datatable-7.23.0.jar:/Users/aapu/.m2/repository/io/cucumber/cucumber-plugin/7.23.0/cucumber-plugin-7.23.0.jar:/Users/aapu/.m2/repository/io/cucumber/docstring/7.23.0/docstring-7.23.0.jar:/Users/aapu/.m2/repository/io/cucumber/html-formatter/21.10.1/html-formatter-21.10.1.jar:/Users/aapu/.m2/repository/io/cucumber/junit-xml-formatter/0.7.1/junit-xml-formatter-0.7.1.jar:/Users/aapu/.m2/repository/io/cucumber/ci-environment/10.0.1/ci-environment-10.0.1.jar:/Users/aapu/.m2/repository/org/apiguardian/apiguardian-api/1.1.2/apiguardian-api-1.1.2.jar:/Users/aapu/.m2/repository/io/cucumber/cucumber-junit/7.23.0/cucumber-junit-7.23.0.jar:/Users/aapu/.m2/repository/junit/junit/4.8.1/junit-4.8.1.jar:/Users/aapu/.m2/repository/io/cucumber/cucumber-testng/7.23.0/cucumber-testng-7.23.0.jar:/Users/aapu/.m2/repository/org/testng/testng/7.11.0/testng-7.11.0.jar:/Users/aapu/.m2/repository/org/jcommander/jcommander/1.83/jcommander-1.83.jar:/Users/aapu/.m2/repository/org/webjars/jquery/3.7.1/jquery-3.7.1.jar:/Users/aapu/.m2/repository/com/googlecode/json-simple/json-simple/1.1.1/json-simple-1.1.1.jar:/Users/aapu/.m2/repository/org/slf4j/slf4j-simple/2.1.0-alpha1/slf4j-simple-2.1.0-alpha1.jar:/Users/aapu/.m2/repository/org/slf4j/slf4j-api/2.1.0-alpha1/slf4j-api-2.1.0-alpha1.jar:/Users/aapu/.m2/repository/org/apache/logging/log4j/log4j-core/2.24.3/log4j-core-2.24.3.jar:/Users/aapu/.m2/repository/org/apache/logging/log4j/log4j-api/2.24.3/log4j-api-2.24.3.jar:/Users/aapu/.m2/repository/io/qameta/allure/allure-cucumber-jvm/2.20.1/allure-cucumber-jvm-2.20.1.jar:/Users/aapu/.m2/repository/io/qameta/allure/allure-java-commons/2.20.1/allure-java-commons-2.20.1.jar:/Users/aapu/.m2/repository/io/qameta/allure/allure-model/2.20.1/allure-model-2.20.1.jar:/Users/aapu/.m2/repository/info/cukes/gherkin/2.12.2/gherkin-2.12.2.jar:/Users/aapu/.m2/repository/tech/grasshopper/extentreports-cucumber7-adapter/1.14.0/extentreports-cucumber7-adapter-1.14.0.jar:/Users/aapu/.m2/repository/com/aventstack/extentreports/5.1.0/extentreports-5.1.0.jar:/Users/aapu/.m2/repository/io/reactivex/rxjava3/rxjava/3.1.6/rxjava-3.1.6.jar:/Users/aapu/.m2/repository/org/reactivestreams/reactive-streams/1.0.4/reactive-streams-1.0.4.jar:/Users/aapu/.m2/repository/org/freemarker/freemarker/2.3.32/freemarker-2.3.32.jar:/Users/aapu/.m2/repository/org/projectlombok/lombok/1.18.26/lombok-1.18.26.jar:/Users/aapu/.m2/repository/com/google/code/gson/gson/2.10.1/gson-2.10.1.jar:/Users/aapu/.m2/repository/tech/grasshopper/extent-pdf-report/2.12.0/extent-pdf-report-2.12.0.jar:/Users/aapu/.m2/repository/tech/grasshopper/cucumber-pdf-report/2.14.0/cucumber-pdf-report-2.14.0.jar:/Users/aapu/.m2/repository/org/apache/pdfbox/pdfbox/2.0.26/pdfbox-2.0.26.jar:/Users/aapu/.m2/repository/org/apache/pdfbox/fontbox/2.0.26/fontbox-2.0.26.jar:/Users/aapu/.m2/repository/org/knowm/xchart/xchart/3.8.0/xchart-3.8.0.jar:/Users/aapu/.m2/repository/de/erichseifert/vectorgraphics2d/VectorGraphics2D/0.13/VectorGraphics2D-0.13.jar:/Users/aapu/.m2/repository/de/rototor/pdfbox/graphics2d/0.30/graphics2d-0.30.jar:/Users/aapu/.m2/repository/com/madgag/animated-gif-lib/1.4/animated-gif-lib-1.4.jar:/Users/aapu/.m2/repository/org/yaml/snakeyaml/2.0/snakeyaml-2.0.jar:/Users/aapu/.m2/repository/tech/grasshopper/table-layout/1.5.1/table-layout-1.5.1.jar:/Users/aapu/.m2/repository/tech/grasshopper/rest-assured-cucumber-pdf-report/1.5.0/rest-assured-cucumber-pdf-report-1.5.0.jar:/Users/aapu/.m2/repository/org/jsoup/jsoup/1.15.3/jsoup-1.15.3.jar:/Users/aapu/.m2/repository/com/aventstack/klov-reporter/5.1.0/klov-reporter-5.1.0.jar:/Users/aapu/.m2/repository/org/mongodb/mongodb-driver/3.6.4/mongodb-driver-3.6.4.jar:/Users/aapu/.m2/repository/org/mongodb/mongodb-driver-core/3.6.4/mongodb-driver-core-3.6.4.jar:/Users/aapu/.m2/repository/org/mongodb/bson/3.6.4/bson-3.6.4.jar:/Users/aapu/.m2/repository/org/apache/httpcomponents/httpclient/4.5.13/httpclient-4.5.13.jar:/Users/aapu/.m2/repository/org/apache/httpcomponents/httpcore/4.4.13/httpcore-4.4.13.jar:/Users/aapu/.m2/repository/commons-logging/commons-logging/1.2/commons-logging-1.2.jar:/Users/aapu/.m2/repository/org/apache/httpcomponents/httpmime/4.5.13/httpmime-4.5.13.jar:/Users/aapu/.m2/repository/tech/grasshopper/htmlextentreporter/1.1.0/htmlextentreporter-1.1.0.jar:/Users/aapu/.m2/repository/tech/grasshopper/extent-excel-report/1.4.0/extent-excel-report-1.4.0.jar:/Users/aapu/.m2/repository/io/cucumber/cucumber-picocontainer/7.23.0/cucumber-picocontainer-7.23.0.jar:/Users/aapu/.m2/repository/org/picocontainer/picocontainer/2.15.2/picocontainer-2.15.2.jar:/Users/aapu/.m2/repository/org/apache/maven/plugins/maven-failsafe-plugin/3.5.3/maven-failsafe-plugin-3.5.3.jar:/Users/aapu/.m2/repository/org/apache/maven/surefire/surefire-api/3.5.3/surefire-api-3.5.3.jar:/Users/aapu/.m2/repository/org/apache/maven/surefire/surefire-logger-api/3.5.3/surefire-logger-api-3.5.3.jar:/Users/aapu/.m2/repository/org/apache/maven/surefire/surefire-booter/3.5.3/surefire-booter-3.5.3.jar:/Users/aapu/.m2/repository/org/apache/maven/surefire/surefire-extensions-spi/3.5.3/surefire-extensions-spi-3.5.3.jar:/Users/aapu/.m2/repository/org/apache/maven/surefire/surefire-extensions-api/3.5.3/surefire-extensions-api-3.5.3.jar:/Users/aapu/.m2/repository/org/apache/maven/surefire/surefire-shared-utils/3.5.3/surefire-shared-utils-3.5.3.jar:/Users/aapu/.m2/repository/org/apache/maven/surefire/maven-surefire-common/3.5.3/maven-surefire-common-3.5.3.jar:/Users/aapu/.m2/repository/org/apache/maven/resolver/maven-resolver-util/1.4.1/maven-resolver-util-1.4.1.jar:/Users/aapu/.m2/repository/org/apache/maven/resolver/maven-resolver-api/1.4.1/maven-resolver-api-1.4.1.jar:/Users/aapu/.m2/repository/org/apache/maven/shared/maven-common-artifact-filters/3.4.0/maven-common-artifact-filters-3.4.0.jar:/Users/aapu/.m2/repository/org/codehaus/plexus/plexus-java/1.4.0/plexus-java-1.4.0.jar:/Users/aapu/.m2/repository/com/thoughtworks/qdox/qdox/2.2.0/qdox-2.2.0.jar:/Users/aapu/.m2/repository/org/apache/maven/plugins/maven-surefire-plugin/3.5.3/maven-surefire-plugin-3.5.3.jar:/Users/aapu/.m2/repository/org/apache/maven/plugins/maven-compiler-plugin/4.0.0-beta-2/maven-compiler-plugin-4.0.0-beta-2.jar:/Users/aapu/.m2/repository/org/ow2/asm/asm/9.7.1/asm-9.7.1.jar:/Users/aapu/.m2/repository/org/apache/poi/poi/3.16-beta2/poi-3.16-beta2.jar:/Users/aapu/.m2/repository/commons-codec/commons-codec/1.10/commons-codec-1.10.jar:/Users/aapu/.m2/repository/org/apache/commons/commons-collections4/4.1/commons-collections4-4.1.jar:/Users/aapu/.m2/repository/org/apache/poi/poi-ooxml/3.9/poi-ooxml-3.9.jar:/Users/aapu/.m2/repository/dom4j/dom4j/1.6.1/dom4j-1.6.1.jar:/Users/aapu/.m2/repository/xml-apis/xml-apis/1.0.b2/xml-apis-1.0.b2.jar:/Users/aapu/.m2/repository/org/apache/poi/poi-ooxml-schemas/3.9/poi-ooxml-schemas-3.9.jar:/Users/aapu/.m2/repository/org/apache/xmlbeans/xmlbeans/2.3.0/xmlbeans-2.3.0.jar:/Users/aapu/.m2/repository/stax/stax-api/1.0.1/stax-api-1.0.1.jar:/Users/aapu/.m2/repository/org/apache/poi/poi-scratchpad/3.9/poi-scratchpad-3.9.jar:/Users/aapu/.m2/repository/org/apache/poi/ooxml-schemas/1.1/ooxml-schemas-1.1.jar:/Users/aapu/.m2/repository/org/apache/poi/openxml4j/1.0-beta/openxml4j-1.0-beta.jar:/Users/aapu/.m2/repository/log4j/log4j/1.2.8/log4j-1.2.8.jar:/Users/aapu/.m2/repository/finpro/finpro/0.0.1-SNAPSHOT/finpro-0.0.1-SNAPSHOT.jar:/Users/aapu/.m2/repository/io/github/bonigarcia/webdrivermanager/5.5.3/webdrivermanager-5.5.3.jar:/Users/aapu/.m2/repository/com/github/docker-java/docker-java/3.3.3/docker-java-3.3.3.jar:/Users/aapu/.m2/repository/com/github/docker-java/docker-java-core/3.3.3/docker-java-core-3.3.3.jar:/Users/aapu/.m2/repository/com/github/docker-java/docker-java-api/3.3.3/docker-java-api-3.3.3.jar:/Users/aapu/.m2/repository/com/fasterxml/jackson/core/jackson-annotations/2.10.3/jackson-annotations-2.10.3.jar:/Users/aapu/.m2/repository/commons-io/commons-io/2.6/commons-io-2.6.jar:/Users/aapu/.m2/repository/org/apache/commons/commons-compress/1.21/commons-compress-1.21.jar:/Users/aapu/.m2/repository/com/fasterxml/jackson/core/jackson-databind/2.10.3/jackson-databind-2.10.3.jar:/Users/aapu/.m2/repository/com/fasterxml/jackson/core/jackson-core/2.10.3/jackson-core-2.10.3.jar:/Users/aapu/.m2/repository/org/bouncycastle/bcpkix-jdk18on/1.75/bcpkix-jdk18on-1.75.jar:/Users/aapu/.m2/repository/org/bouncycastle/bcprov-jdk18on/1.75/bcprov-jdk18on-1.75.jar:/Users/aapu/.m2/repository/org/bouncycastle/bcutil-jdk18on/1.75/bcutil-jdk18on-1.75.jar:/Users/aapu/.m2/repository/org/slf4j/jcl-over-slf4j/1.7.30/jcl-over-slf4j-1.7.30.jar:/Users/aapu/.m2/repository/com/github/docker-java/docker-java-transport-httpclient5/3.3.3/docker-java-transport-httpclient5-3.3.3.jar:/Users/aapu/.m2/repository/com/github/docker-java/docker-java-transport/3.3.3/docker-java-transport-3.3.3.jar:/Users/aapu/.m2/repository/net/java/dev/jna/jna/5.12.1/jna-5.12.1.jar:/Users/aapu/.m2/repository/org/brotli/dec/0.1.2/dec-0.1.2.jar:/Users/aapu/.m2/repository/org/apache/commons/commons-lang3/3.13.0/commons-lang3-3.13.0.jar:/Users/aapu/.m2/repository/org/apache/httpcomponents/client5/httpclient5/5.2.1/httpclient5-5.2.1.jar:/Users/aapu/.m2/repository/org/apache/httpcomponents/core5/httpcore5/5.2/httpcore5-5.2.jar:/Users/aapu/.m2/repository/org/apache/httpcomponents/core5/httpcore5-h2/5.2/httpcore5-h2-5.2.jar:"/>
    <property name="sun.cpu.endian" value="little"/>
    <property name="user.home" value="/Users/aapu"/>
    <property name="user.language" value="en"/>
    <property name="java.specification.vendor" value="Oracle Corporation"/>
    <property name="java.version.date" value="2025-04-15"/>
    <property name="java.home" value="/Library/Java/JavaVirtualMachines/jdk-24.jdk/Contents/Home"/>
    <property name="file.separator" value="/"/>
    <property name="basedir" value="/Users/aapu/eclipse-workspace/Dsalgo_Project3"/>
    <property name="style.color" value="always"/>
    <property name="java.vm.compressedOopsMode" value="Zero based"/>
    <property name="line.separator" value="&#10;"/>
    <property name="java.vm.specification.vendor" value="Oracle Corporation"/>
    <property name="java.specification.name" value="Java Platform API Specification"/>
    <property name="apple.awt.application.name" value="ForkedBooter"/>
    <property name="surefire.real.class.path" value="/Users/aapu/eclipse-workspace/Dsalgo_Project3/target/surefire/surefirebooter-20250910160902556_3.jar"/>
    <property name="sun.management.compiler" value="HotSpot 64-Bit Tiered Compilers"/>
    <property name="ftp.nonProxyHosts" value="local|*.local|169.254/16|*.169.254/16"/>
    <property name="java.runtime.version" value="24.0.1+9-30"/>
    <property name="user.name" value="aapu"/>
    <property name="stdout.encoding" value="UTF-8"/>
    <property name="path.separator" value=":"/>
    <property name="os.version" value="14.7.4"/>
    <property name="java.runtime.name" value="Java(TM) SE Runtime Environment"/>
    <property name="file.encoding" value="UTF-8"/>
    <property name="java.vm.name" value="Java HotSpot(TM) 64-Bit Server VM"/>
    <property name="localRepository" value="/Users/aapu/.m2/repository"/>
    <property name="java.vendor.url.bug" value="https://bugreport.java.com/bugreport/"/>
    <property name="java.io.tmpdir" value="/var/folders/s0/d7qpbdsd3qx956_51v4gry680000gn/T/"/>
    <property name="java.version" value="24.0.1"/>
    <property name="user.dir" value="/Users/aapu/eclipse-workspace/Dsalgo_Project3"/>
    <property name="os.arch" value="aarch64"/>
    <property name="java.vm.specification.name" value="Java Virtual Machine Specification"/>
    <property name="native.encoding" value="UTF-8"/>
    <property name="java.library.path" value="/Users/aapu/Library/Java/Extensions:/Library/Java/Extensions:/Network/Library/Java/Extensions:/System/Library/Java/Extensions:/usr/lib/java:."/>
    <property name="java.vm.info" value="mixed mode, sharing"/>
    <property name="stderr.encoding" value="UTF-8"/>
    <property name="java.vendor" value="Oracle Corporation"/>
    <property name="java.vm.version" value="24.0.1+9-30"/>
    <property name="sun.io.unicode.encoding" value="UnicodeBig"/>
    <property name="socksNonProxyHosts" value="local|*.local|169.254/16|*.169.254/16"/>
    <property name="java.class.version" value="68.0"/>
  </properties>
  <testcase name="runScenario[&quot;Check &quot;Data structures-Introduction&quot; Content display on DS page&quot;, &quot;DataStructures Page Validation&quot;](1)" classname="testrunner1.TestRunner" time="5.742">
    <system-out><![CDATA[
@DatastructuresTest
Scenario: Check "Data structures-Introduction" Content display on DS page       # src/test/resources/features/Datastructures/Datastructures.feature:9
  Given User is on the Home page after logging in                               # stepdefinition.DatastructuresTest.user_is_on_home_page_after_logging_in()
7
Data Structures-Introduction
  When User clicks the Getting Started button in Data Structures - Introduction # stepdefinition.DatastructuresTest.user_clicks_the_button_in_data_structures_introduction()
Current URL: https://dsportalapp.herokuapp.com/data-structures-introduction/
  Given User is on the "Data Structures" page                                   # stepdefinition.DatastructuresTest.user_is_on_the_datastructures_Page(java.lang.String)
  When User views "Data Structures-Introduction" on DS page                     # stepdefinition.DatastructuresTest.user_views_datastructures_on_ds_page(java.lang.String)
  Then User should see displayed content under Datastructures module            # stepdefinition.DatastructuresTest.user_should_see_the_content_displayed_under_datastructures_module()
Signed out successfully after scenario.
]]></system-out>
    <system-err><![CDATA[SLF4J(I): Connected with provider of type [org.slf4j.simple.SimpleServiceProvider]
Sep 10, 2025 4:09:06 PM org.openqa.selenium.devtools.CdpVersionFinder findNearestMatch
WARNING: Unable to find an exact match for CDP version 140, returning the closest version; found: 137; Please update to a Selenium version that supports CDP version 140
]]></system-err>
  </testcase>
  <testcase name="runScenario[&quot;Check &quot;Topics Covered&quot; Content display on DS page&quot;, &quot;DataStructures Page Validation&quot;](2)" classname="testrunner1.TestRunner" time="1.533">
    <system-out><![CDATA[
@DatastructuresTest
Scenario: Check "Topics Covered" Content display on DS page                     # src/test/resources/features/Datastructures/Datastructures.feature:14
  Given User is on the Home page after logging in                               # stepdefinition.DatastructuresTest.user_is_on_home_page_after_logging_in()
7
Data Structures-Introduction
  When User clicks the Getting Started button in Data Structures - Introduction # stepdefinition.DatastructuresTest.user_clicks_the_button_in_data_structures_introduction()
Current URL: https://dsportalapp.herokuapp.com/data-structures-introduction/
  Given User is on the "Data Structures" page                                   # stepdefinition.DatastructuresTest.user_is_on_the_datastructures_Page(java.lang.String)
  When User views "Topics Covered" on DS page                                   # stepdefinition.DatastructuresTest.user_views_datastructures_on_ds_page(java.lang.String)
  Then User should see displayed content under Datastructures module            # stepdefinition.DatastructuresTest.user_should_see_the_content_displayed_under_datastructures_module()
Signed out successfully after scenario.
]]></system-out>
  </testcase>
  <testcase name="runScenario[&quot;Verify Time Complexity page is accessible from Introduction&quot;, &quot;DataStructures Page Validation&quot;](3)" classname="testrunner1.TestRunner" time="2.685">
    <system-out><![CDATA[
@DatastructuresTest
Scenario: Verify Time Complexity page is accessible from Introduction           # src/test/resources/features/Datastructures/Datastructures.feature:19
  Given User is on the Home page after logging in                               # stepdefinition.DatastructuresTest.user_is_on_home_page_after_logging_in()
7
Data Structures-Introduction
  When User clicks the Getting Started button in Data Structures - Introduction # stepdefinition.DatastructuresTest.user_clicks_the_button_in_data_structures_introduction()
[DEBUG] After login. Current URL: https://dsportalapp.herokuapp.com/home
[DEBUG] Navigated to DS Intro. Current URL: https://dsportalapp.herokuapp.com/data-structures-introduction/
Current URL: https://dsportalapp.herokuapp.com/data-structures-introduction/
  Given User on "Data Structures-Introduction" page                             # stepdefinition.DatastructuresTest.user_is_on_the_datastructures_introduction_Page(java.lang.String)
  When User clicks on "Time Complexity" link                                    # stepdefinition.DatastructuresTest.user_clicks_on_timecomplexity_link(java.lang.String)
  Then User should see "Time Complexity" page                                   # stepdefinition.DatastructuresTest.user_should_see_timecomplexity_page(java.lang.String)
Signed out successfully after scenario.
]]></system-out>
  </testcase>
  <testcase name="runScenario[&quot;Verify content on Time Complexity page is displayed correctly&quot;, &quot;DataStructures Page Validation&quot;](4)" classname="testrunner1.TestRunner" time="1.295">
    <system-out><![CDATA[
@DatastructuresTest
Scenario: Verify content on Time Complexity page is displayed correctly         # src/test/resources/features/Datastructures/Datastructures.feature:24
  Given User is on the Home page after logging in                               # stepdefinition.DatastructuresTest.user_is_on_home_page_after_logging_in()
7
Data Structures-Introduction
  When User clicks the Getting Started button in Data Structures - Introduction # stepdefinition.DatastructuresTest.user_clicks_the_button_in_data_structures_introduction()
[DEBUG] Navigated to: https://dsportalapp.herokuapp.com/data-structures-introduction/time-complexity/
Current URL: https://dsportalapp.herokuapp.com/data-structures-introduction/time-complexity/
  Given User is on "Time Complexity" page for timecomplexity                    # stepdefinition.DatastructuresTest.user_should_see_content_in_timecomplexity_page(java.lang.String)
  When User navigates to view "Time Complexity" page                            # stepdefinition.DatastructuresTest.user_navigates_to_view_time_complexity_page(java.lang.String)
  Then User should see content in "Time Complexity" page                        # stepdefinition.DatastructuresTest.user_should_see_content_in_time_complexity_page(java.lang.String)
Signed out successfully after scenario.
]]></system-out>
  </testcase>
  <testcase name="runScenario[&quot;Verify that user is able to navigate to &quot;try Editor&quot; page&quot;, &quot;DataStructures Page Validation&quot;](5)" classname="testrunner1.TestRunner" time="1.71">
    <system-out><![CDATA[
@DatastructuresTest
Scenario: Verify that user is able to navigate to "try Editor" page                       # src/test/resources/features/Datastructures/Datastructures.feature:29
  Given User is on the Home page after logging in                                         # stepdefinition.DatastructuresTest.user_is_on_home_page_after_logging_in()
7
Data Structures-Introduction
  When User clicks the Getting Started button in Data Structures - Introduction           # stepdefinition.DatastructuresTest.user_clicks_the_button_in_data_structures_introduction()
[DEBUG] Navigated to: https://dsportalapp.herokuapp.com/data-structures-introduction/time-complexity/
Current URL: https://dsportalapp.herokuapp.com/data-structures-introduction/time-complexity/
  Given User is on "Time Complexity" page for timecomplexity                              # stepdefinition.DatastructuresTest.user_should_see_content_in_timecomplexity_page(java.lang.String)
  When User clicks "Try Here" button                                                      # stepdefinition.DatastructuresTest.user_clicks_try_here_button(java.lang.String)
  Then User should be redirected to a page having an try Editor with a Run button to test # stepdefinition.DatastructuresTest.user_should_see_try_editor_with_run_button()
Sign out link not found or already signed out.
]]></system-out>
  </testcase>
  <testcase name="runScenario[&quot;Verify that user receives error when click on Run button without entering code&quot;, &quot;DataStructures Page Validation&quot;](6)" classname="testrunner1.TestRunner" time="1.13">
    <system-out><![CDATA[
@DatastructuresTest
Scenario: Verify that user receives error when click on Run button without entering code # src/test/resources/features/Datastructures/Datastructures.feature:34
  Given User is on the Home page after logging in                                        # stepdefinition.DatastructuresTest.user_is_on_home_page_after_logging_in()
7
Data Structures-Introduction
  When User clicks the Getting Started button in Data Structures - Introduction          # stepdefinition.DatastructuresTest.user_clicks_the_button_in_data_structures_introduction()
  Given User is on the "tryEditor" page for timecomplexity                               # stepdefinition.DatastructuresTest.user_is_on_the_tryeditor_page(java.lang.String)
  When User clicks the "Run" without entering the code in the Editor                     # stepdefinition.DatastructuresTest.user_clicks_the_run_button_without_entering_the_code(java.lang.String)
Sign out link not found or already signed out.
]]></system-out>
  </testcase>
  <testcase name="runScenario[&quot;Verify that user receives error for invalid python code&quot;, &quot;DataStructures Page Validation&quot;](7)" classname="testrunner1.TestRunner" time="1.242">
    <system-out><![CDATA[
@DatastructuresTest
Scenario: Verify that user receives error for invalid python code               # src/test/resources/features/Datastructures/Datastructures.feature:38
  Given User is on the Home page after logging in                               # stepdefinition.DatastructuresTest.user_is_on_home_page_after_logging_in()
7
Data Structures-Introduction
  When User clicks the Getting Started button in Data Structures - Introduction # stepdefinition.DatastructuresTest.user_clicks_the_button_in_data_structures_introduction()
  Given User is on the "tryEditor" page for timecomplexity                      # stepdefinition.DatastructuresTest.user_is_on_the_tryeditor_page(java.lang.String)
  When User writes the invalid code in Editor and clicks the "Run" Button       # stepdefinition.DatastructuresTest.user_writes_the_invalid_code_in_editor_and_clicks_run_button(java.lang.String)
alert message is:SyntaxError: bad input on line 1
  Then User should be able to see an error message in alert window              # stepdefinition.DatastructuresTest.user_should_be_able_to_see_error_message_in_alert_window()
Sign out link not found or already signed out.
]]></system-out>
  </testcase>
  <testcase name="runScenario[&quot;Verify that user is able to see output for valid python code&quot;, &quot;DataStructures Page Validation&quot;](8)" classname="testrunner1.TestRunner" time="1.117">
    <system-out><![CDATA[
@DatastructuresTest
Scenario: Verify that user is able to see output for valid python code          # src/test/resources/features/Datastructures/Datastructures.feature:43
  Given User is on the Home page after logging in                               # stepdefinition.DatastructuresTest.user_is_on_home_page_after_logging_in()
7
Data Structures-Introduction
  When User clicks the Getting Started button in Data Structures - Introduction # stepdefinition.DatastructuresTest.user_clicks_the_button_in_data_structures_introduction()
  Given User is on the "tryEditor" page for timecomplexity                      # stepdefinition.DatastructuresTest.user_is_on_the_tryeditor_page(java.lang.String)
  When User writes the valid code in Editor and clicks the "Run" Button         # stepdefinition.DatastructuresTest.user_writes_the_valid_code_in_editor_and_clicks_the_run_button(java.lang.String)
output message isHello DS Algo
  Then User should be able to see output in the console                         # stepdefinition.DatastructuresTest.user_should_be_able_to_see_output_in_the_console()
Sign out link not found or already signed out.
]]></system-out>
  </testcase>
  <testcase name="runScenario[&quot;Verify Navigate back from editor to topic page&quot;, &quot;DataStructures Page Validation&quot;](9)" classname="testrunner1.TestRunner" time="1.482">
    <system-out><![CDATA[
@DatastructuresTest
Scenario: Verify Navigate back from editor to topic page                        # src/test/resources/features/Datastructures/Datastructures.feature:48
  Given User is on the Home page after logging in                               # stepdefinition.DatastructuresTest.user_is_on_home_page_after_logging_in()
7
Data Structures-Introduction
  When User clicks the Getting Started button in Data Structures - Introduction # stepdefinition.DatastructuresTest.user_clicks_the_button_in_data_structures_introduction()
  Given User is on the "tryEditor" page for timecomplexity                      # stepdefinition.DatastructuresTest.user_is_on_the_tryeditor_page(java.lang.String)
  When User clicks on back arrow                                                # stepdefinition.DatastructuresTest.user_clicks_on_back_arrow()
  Then User should see displayed content under Datastructures module            # stepdefinition.DatastructuresTest.user_should_see_the_content_displayed_under_datastructures_module()
Signed out successfully after scenario.
]]></system-out>
  </testcase>
  <testcase name="runScenario[&quot;Verify Output area clears on new run&quot;, &quot;DataStructures Page Validation&quot;](10)" classname="testrunner1.TestRunner" time="1.212">
    <system-out><![CDATA[
@DatastructuresTest
Scenario: Verify Output area clears on new run                                  # src/test/resources/features/Datastructures/Datastructures.feature:53
  Given User is on the Home page after logging in                               # stepdefinition.DatastructuresTest.user_is_on_home_page_after_logging_in()
7
Data Structures-Introduction
  When User clicks the Getting Started button in Data Structures - Introduction # stepdefinition.DatastructuresTest.user_clicks_the_button_in_data_structures_introduction()
  Given User is on the "tryEditor" page for timecomplexity                      # stepdefinition.DatastructuresTest.user_is_on_the_tryeditor_page(java.lang.String)
  When User "Run" the code, modifies it, and runs it again                      # stepdefinition.DatastructuresTest.user_runs_the_code_modifies_it_and_runs_it_again(java.lang.String)
oldOutput is: Hi
newOutput is: Hi NumpyNinja
  Then User should see old output replaced with new output                      # stepdefinition.DatastructuresTest.user_should_see_output_replaced_with_new_output()
Sign out link not found or already signed out.
]]></system-out>
  </testcase>
  <testcase name="runScenario[&quot;Verify behavior when user clicks back button after writing code on Time Complexity Run page&quot;, &quot;DataStructures Page Validation&quot;](11)" classname="testrunner1.TestRunner" time="1.453">
    <system-out><![CDATA[
@DatastructuresTest
Scenario: Verify behavior when user clicks back button after writing code on Time Complexity Run page # src/test/resources/features/Datastructures/Datastructures.feature:58
  Given User is on the Home page after logging in                                                     # stepdefinition.DatastructuresTest.user_is_on_home_page_after_logging_in()
7
Data Structures-Introduction
  When User clicks the Getting Started button in Data Structures - Introduction                       # stepdefinition.DatastructuresTest.user_clicks_the_button_in_data_structures_introduction()
  Given User is on the "tryEditor" page for timecomplexity                                            # stepdefinition.DatastructuresTest.user_is_on_the_tryeditor_page(java.lang.String)
  When User writes the valid code in Editor and clicks the back arrow                                 # stepdefinition.DatastructuresTest.user_writes_valid_code_and_clicks_back_arrow()
  Then User should see displayed content under Datastructures module                                  # stepdefinition.DatastructuresTest.user_should_see_the_content_displayed_under_datastructures_module()
Signed out successfully after scenario.
]]></system-out>
  </testcase>
</testsuite>