<?xml version="1.0" encoding="UTF-8"?>
<!-- Generated by org.testng.reporters.JUnitReportReporter -->
<testsuite hostname="AAPUs-MacBook-Air.local" failures="0" tests="11" name="testrunner1.TestRunner" time="265.714" errors="0" timestamp="2025-09-15T12:09:27 EDT" skipped="0">
  <testcase classname="testrunner1.TestRunner" name="runScenario" time="26.996"/>
  <testcase classname="testrunner1.TestRunner" name="runScenario" time="16.307"/>
  <testcase classname="testrunner1.TestRunner" name="runScenario" time="27.277"/>
  <testcase classname="testrunner1.TestRunner" name="runScenario" time="23.860"/>
  <testcase classname="testrunner1.TestRunner" name="runScenario" time="26.397"/>
  <testcase classname="testrunner1.TestRunner" name="runScenario" time="21.654"/>
  <testcase classname="testrunner1.TestRunner" name="runScenario" time="26.103"/>
  <testcase classname="testrunner1.TestRunner" name="runScenario" time="21.387"/>
  <testcase classname="testrunner1.TestRunner" name="runScenario" time="27.010"/>
  <testcase classname="testrunner1.TestRunner" name="runScenario" time="21.543"/>
  <testcase classname="testrunner1.TestRunner" name="runScenario" time="27.180"/>
</testsuite> <!-- testrunner1.TestRunner -->
