<?xml version="1.0" encoding="UTF-8"?>
<!-- Generated by org.testng.reporters.JUnitReportReporter -->
<testsuite hostname="AAPUs-MacBook-Air.local" failures="0" tests="10" name="testrunner1.TestRunner" time="2.581" errors="10" timestamp="2025-09-03T21:43:32 EDT" skipped="0">
  <testcase classname="testrunner1.TestRunner" name="runScenario" time="0.012">
    <error message="Could not initialize class utilities.ConfigReader" type="java.lang.NoClassDefFoundError">
      <![CDATA[java.lang.NoClassDefFoundError: Could not initialize class utilities.ConfigReader
at pageobject.LoginPage.openloginpage(LoginPage.java:49)
at stepdefinition.LoginTests.userOnLoginPage(LoginTests.java:27)
at ✽.User is on the login page(file:///Users/aapu/eclipse-workspace/Dsalgo_Project3/src/test/resources/features/login/Login.feature:16)
Caused by: java.lang.ExceptionInInitializerError: Exception java.lang.RuntimeException: Unable to find config.properties in resources folder. [in thread "main"]
at utilities.ConfigReader.<clinit>(ConfigReader.java:13)
at pageobject.LoginPage.openloginpage(LoginPage.java:49)
at stepdefinition.LoginTests.userOnLoginPage(LoginTests.java:27)
at ✽.User is on the login page(file:///Users/aapu/eclipse-workspace/Dsalgo_Project3/src/test/resources/features/login/Login.feature:40)
]]>
    </error>
  </testcase> <!-- runScenario -->
  <testcase classname="testrunner1.TestRunner" name="runScenario" time="0.006">
    <error message="Could not initialize class utilities.ConfigReader" type="java.lang.NoClassDefFoundError">
      <![CDATA[java.lang.NoClassDefFoundError: Could not initialize class utilities.ConfigReader
at pageobject.LoginPage.openloginpage(LoginPage.java:49)
at stepdefinition.LoginTests.userOnLoginPage(LoginTests.java:27)
at ✽.User is on the login page(file:///Users/aapu/eclipse-workspace/Dsalgo_Project3/src/test/resources/features/login/Login.feature:28)
Caused by: java.lang.ExceptionInInitializerError: Exception java.lang.RuntimeException: Unable to find config.properties in resources folder. [in thread "main"]
at utilities.ConfigReader.<clinit>(ConfigReader.java:13)
at pageobject.LoginPage.openloginpage(LoginPage.java:49)
at stepdefinition.LoginTests.userOnLoginPage(LoginTests.java:27)
at ✽.User is on the login page(file:///Users/aapu/eclipse-workspace/Dsalgo_Project3/src/test/resources/features/login/Login.feature:40)
]]>
    </error>
  </testcase> <!-- runScenario -->
  <testcase classname="testrunner1.TestRunner" name="runScenario" time="0.008">
    <error message="Could not initialize class utilities.ConfigReader" type="java.lang.NoClassDefFoundError">
      <![CDATA[java.lang.NoClassDefFoundError: Could not initialize class utilities.ConfigReader
at pageobject.LoginPage.openloginpage(LoginPage.java:49)
at stepdefinition.LoginTests.userOnLoginPage(LoginTests.java:27)
at ✽.User is on the login page(file:///Users/aapu/eclipse-workspace/Dsalgo_Project3/src/test/resources/features/login/Login.feature:12)
Caused by: java.lang.ExceptionInInitializerError: Exception java.lang.RuntimeException: Unable to find config.properties in resources folder. [in thread "main"]
at utilities.ConfigReader.<clinit>(ConfigReader.java:13)
at pageobject.LoginPage.openloginpage(LoginPage.java:49)
at stepdefinition.LoginTests.userOnLoginPage(LoginTests.java:27)
at ✽.User is on the login page(file:///Users/aapu/eclipse-workspace/Dsalgo_Project3/src/test/resources/features/login/Login.feature:40)
]]>
    </error>
  </testcase> <!-- runScenario -->
  <testcase classname="testrunner1.TestRunner" name="runScenario" time="0.008">
    <error message="Could not initialize class utilities.ConfigReader" type="java.lang.NoClassDefFoundError">
      <![CDATA[java.lang.NoClassDefFoundError: Could not initialize class utilities.ConfigReader
at pageobject.LoginPage.openloginpage(LoginPage.java:49)
at stepdefinition.LoginTests.userOnLoginPage(LoginTests.java:27)
at ✽.User is on the login page(file:///Users/aapu/eclipse-workspace/Dsalgo_Project3/src/test/resources/features/login/Login.feature:24)
Caused by: java.lang.ExceptionInInitializerError: Exception java.lang.RuntimeException: Unable to find config.properties in resources folder. [in thread "main"]
at utilities.ConfigReader.<clinit>(ConfigReader.java:13)
at pageobject.LoginPage.openloginpage(LoginPage.java:49)
at stepdefinition.LoginTests.userOnLoginPage(LoginTests.java:27)
at ✽.User is on the login page(file:///Users/aapu/eclipse-workspace/Dsalgo_Project3/src/test/resources/features/login/Login.feature:40)
]]>
    </error>
  </testcase> <!-- runScenario -->
  <testcase classname="testrunner1.TestRunner" name="runScenario" time="0.009">
    <error message="Could not initialize class utilities.ConfigReader" type="java.lang.NoClassDefFoundError">
      <![CDATA[java.lang.NoClassDefFoundError: Could not initialize class utilities.ConfigReader
at pageobject.LoginPage.openloginpage(LoginPage.java:49)
at stepdefinition.LoginTests.userOnLoginPage(LoginTests.java:27)
at ✽.User is on the login page(file:///Users/aapu/eclipse-workspace/Dsalgo_Project3/src/test/resources/features/login/Login.feature:8)
Caused by: java.lang.ExceptionInInitializerError: Exception java.lang.RuntimeException: Unable to find config.properties in resources folder. [in thread "main"]
at utilities.ConfigReader.<clinit>(ConfigReader.java:13)
at pageobject.LoginPage.openloginpage(LoginPage.java:49)
at stepdefinition.LoginTests.userOnLoginPage(LoginTests.java:27)
at ✽.User is on the login page(file:///Users/aapu/eclipse-workspace/Dsalgo_Project3/src/test/resources/features/login/Login.feature:40)
]]>
    </error>
  </testcase> <!-- runScenario -->
  <testcase classname="testrunner1.TestRunner" name="runScenario" time="0.007">
    <error message="Could not initialize class utilities.ConfigReader" type="java.lang.NoClassDefFoundError">
      <![CDATA[java.lang.NoClassDefFoundError: Could not initialize class utilities.ConfigReader
at pageobject.LoginPage.openloginpage(LoginPage.java:49)
at stepdefinition.LoginTests.userOnLoginPage(LoginTests.java:27)
at ✽.User is on the login page(file:///Users/aapu/eclipse-workspace/Dsalgo_Project3/src/test/resources/features/login/Login.feature:36)
Caused by: java.lang.ExceptionInInitializerError: Exception java.lang.RuntimeException: Unable to find config.properties in resources folder. [in thread "main"]
at utilities.ConfigReader.<clinit>(ConfigReader.java:13)
at pageobject.LoginPage.openloginpage(LoginPage.java:49)
at stepdefinition.LoginTests.userOnLoginPage(LoginTests.java:27)
at ✽.User is on the login page(file:///Users/aapu/eclipse-workspace/Dsalgo_Project3/src/test/resources/features/login/Login.feature:40)
]]>
    </error>
  </testcase> <!-- runScenario -->
  <testcase classname="testrunner1.TestRunner" name="runScenario" time="2.508">
    <error type="java.lang.ExceptionInInitializerError">
      <![CDATA[java.lang.ExceptionInInitializerError
at pageobject.LoginPage.openloginpage(LoginPage.java:49)
at stepdefinition.LoginTests.userOnLoginPage(LoginTests.java:27)
at ✽.User is on the login page(file:///Users/aapu/eclipse-workspace/Dsalgo_Project3/src/test/resources/features/login/Login.feature:4)
Caused by: java.lang.RuntimeException: Unable to find config.properties in resources folder.
at utilities.ConfigReader.<clinit>(ConfigReader.java:13)
... 3 more
]]>
    </error>
  </testcase> <!-- runScenario -->
  <testcase classname="testrunner1.TestRunner" name="runScenario" time="0.007">
    <error message="Could not initialize class utilities.ConfigReader" type="java.lang.NoClassDefFoundError">
      <![CDATA[java.lang.NoClassDefFoundError: Could not initialize class utilities.ConfigReader
at pageobject.LoginPage.openloginpage(LoginPage.java:49)
at stepdefinition.LoginTests.userOnLoginPage(LoginTests.java:27)
at ✽.User is on the login page(file:///Users/aapu/eclipse-workspace/Dsalgo_Project3/src/test/resources/features/login/Login.feature:32)
Caused by: java.lang.ExceptionInInitializerError: Exception java.lang.RuntimeException: Unable to find config.properties in resources folder. [in thread "main"]
at utilities.ConfigReader.<clinit>(ConfigReader.java:13)
at pageobject.LoginPage.openloginpage(LoginPage.java:49)
at stepdefinition.LoginTests.userOnLoginPage(LoginTests.java:27)
at ✽.User is on the login page(file:///Users/aapu/eclipse-workspace/Dsalgo_Project3/src/test/resources/features/login/Login.feature:40)
]]>
    </error>
  </testcase> <!-- runScenario -->
  <testcase classname="testrunner1.TestRunner" name="runScenario" time="0.007">
    <error message="Could not initialize class utilities.ConfigReader" type="java.lang.NoClassDefFoundError">
      <![CDATA[java.lang.NoClassDefFoundError: Could not initialize class utilities.ConfigReader
at pageobject.LoginPage.openloginpage(LoginPage.java:49)
at stepdefinition.LoginTests.userOnLoginPage(LoginTests.java:27)
at ✽.User is on the login page(file:///Users/aapu/eclipse-workspace/Dsalgo_Project3/src/test/resources/features/login/Login.feature:40)
Caused by: java.lang.ExceptionInInitializerError: Exception java.lang.RuntimeException: Unable to find config.properties in resources folder. [in thread "main"]
at utilities.ConfigReader.<clinit>(ConfigReader.java:13)
... 3 more
]]>
    </error>
  </testcase> <!-- runScenario -->
  <testcase classname="testrunner1.TestRunner" name="runScenario" time="0.009">
    <error message="Could not initialize class utilities.ConfigReader" type="java.lang.NoClassDefFoundError">
      <![CDATA[java.lang.NoClassDefFoundError: Could not initialize class utilities.ConfigReader
at pageobject.LoginPage.openloginpage(LoginPage.java:49)
at stepdefinition.LoginTests.userOnLoginPage(LoginTests.java:27)
at ✽.User is on the login page(file:///Users/aapu/eclipse-workspace/Dsalgo_Project3/src/test/resources/features/login/Login.feature:20)
Caused by: java.lang.ExceptionInInitializerError: Exception java.lang.RuntimeException: Unable to find config.properties in resources folder. [in thread "main"]
at utilities.ConfigReader.<clinit>(ConfigReader.java:13)
at pageobject.LoginPage.openloginpage(LoginPage.java:49)
at stepdefinition.LoginTests.userOnLoginPage(LoginTests.java:27)
at ✽.User is on the login page(file:///Users/aapu/eclipse-workspace/Dsalgo_Project3/src/test/resources/features/login/Login.feature:40)
]]>
    </error>
  </testcase> <!-- runScenario -->
</testsuite> <!-- testrunner1.TestRunner -->
