<?xml version="1.0" encoding="UTF-8"?>
<!-- Generated by org.testng.reporters.JUnitReportReporter -->
<testsuite hostname="AAPUs-MacBook-Air.local" failures="0" tests="10" name="testrunner1.TestRunner" time="25.623" errors="0" timestamp="2025-10-08T11:11:28 EDT" skipped="0">
  <testcase classname="testrunner1.TestRunner" name="runScenario" time="2.224"/>
  <testcase classname="testrunner1.TestRunner" name="runScenario" time="2.383"/>
  <testcase classname="testrunner1.TestRunner" name="runScenario" time="2.735"/>
  <testcase classname="testrunner1.TestRunner" name="runScenario" time="2.403"/>
  <testcase classname="testrunner1.TestRunner" name="runScenario" time="1.813"/>
  <testcase classname="testrunner1.TestRunner" name="runScenario" time="2.430"/>
  <testcase classname="testrunner1.TestRunner" name="runScenario" time="3.762"/>
  <testcase classname="testrunner1.TestRunner" name="runScenario" time="2.879"/>
  <testcase classname="testrunner1.TestRunner" name="runScenario" time="3.016"/>
  <testcase classname="testrunner1.TestRunner" name="runScenario" time="1.978"/>
</testsuite> <!-- testrunner1.TestRunner -->
