<?xml version="1.0" encoding="UTF-8"?>
<!-- Generated by org.testng.reporters.JUnitReportReporter -->
<testsuite hostname="AAPUs-MacBook-Air.local" failures="0" tests="11" name="testrunner1.TestRunner" time="311.573" errors="0" timestamp="2025-09-15T12:23:31 EDT" skipped="0">
  <testcase classname="testrunner1.TestRunner" name="runScenario" time="28.257"/>
  <testcase classname="testrunner1.TestRunner" name="runScenario" time="31.124"/>
  <testcase classname="testrunner1.TestRunner" name="runScenario" time="30.127"/>
  <testcase classname="testrunner1.TestRunner" name="runScenario" time="31.644"/>
  <testcase classname="testrunner1.TestRunner" name="runScenario" time="31.202"/>
  <testcase classname="testrunner1.TestRunner" name="runScenario" time="30.322"/>
  <testcase classname="testrunner1.TestRunner" name="runScenario" time="30.043"/>
  <testcase classname="testrunner1.TestRunner" name="runScenario" time="28.257"/>
  <testcase classname="testrunner1.TestRunner" name="runScenario" time="30.211"/>
  <testcase classname="testrunner1.TestRunner" name="runScenario" time="12.089"/>
  <testcase classname="testrunner1.TestRunner" name="runScenario" time="28.297"/>
</testsuite> <!-- testrunner1.TestRunner -->
