<?xml version="1.0" encoding="UTF-8"?>
<!-- Generated by org.testng.reporters.JUnitReportReporter -->
<testsuite hostname="AAPUs-MacBook-Air.local" failures="0" tests="22" name="testrunner1.TestRunner" time="702.169" errors="0" timestamp="2025-10-03T16:05:44 EDT" skipped="0">
  <testcase classname="testrunner1.TestRunner" name="runScenario" time="18.156"/>
  <testcase classname="testrunner1.TestRunner" name="runScenario" time="36.976"/>
  <testcase classname="testrunner1.TestRunner" name="runScenario" time="36.127"/>
  <testcase classname="testrunner1.TestRunner" name="runScenario" time="36.086"/>
  <testcase classname="testrunner1.TestRunner" name="runScenario" time="34.524"/>
  <testcase classname="testrunner1.TestRunner" name="runScenario" time="38.939"/>
  <testcase classname="testrunner1.TestRunner" name="runScenario" time="36.187"/>
  <testcase classname="testrunner1.TestRunner" name="runScenario" time="29.813"/>
  <testcase classname="testrunner1.TestRunner" name="runScenario" time="24.463"/>
  <testcase classname="testrunner1.TestRunner" name="runScenario" time="8.975"/>
  <testcase classname="testrunner1.TestRunner" name="runScenario" time="34.168"/>
  <testcase classname="testrunner1.TestRunner" name="runScenario" time="38.959"/>
  <testcase classname="testrunner1.TestRunner" name="runScenario" time="29.059"/>
  <testcase classname="testrunner1.TestRunner" name="runScenario" time="12.848"/>
  <testcase classname="testrunner1.TestRunner" name="runScenario" time="35.819"/>
  <testcase classname="testrunner1.TestRunner" name="runScenario" time="36.131"/>
  <testcase classname="testrunner1.TestRunner" name="runScenario" time="36.160"/>
  <testcase classname="testrunner1.TestRunner" name="runScenario" time="38.243"/>
  <testcase classname="testrunner1.TestRunner" name="runScenario" time="36.242"/>
  <testcase classname="testrunner1.TestRunner" name="runScenario" time="34.072"/>
  <testcase classname="testrunner1.TestRunner" name="runScenario" time="36.151"/>
  <testcase classname="testrunner1.TestRunner" name="runScenario" time="34.071"/>
</testsuite> <!-- testrunner1.TestRunner -->
