<?xml version="1.0" encoding="UTF-8"?>
<!-- Generated by org.testng.reporters.JUnitReportReporter -->
<testsuite hostname="AAPUs-MacBook-Air.local" failures="0" tests="11" name="testrunner1.TestRunner" time="20.613" errors="0" timestamp="2025-09-10T16:09:24 EDT" skipped="0">
  <testcase classname="testrunner1.TestRunner" name="runScenario" time="1.129"/>
  <testcase classname="testrunner1.TestRunner" name="runScenario" time="1.213"/>
  <testcase classname="testrunner1.TestRunner" name="runScenario" time="1.482"/>
  <testcase classname="testrunner1.TestRunner" name="runScenario" time="1.452"/>
  <testcase classname="testrunner1.TestRunner" name="runScenario" time="1.243"/>
  <testcase classname="testrunner1.TestRunner" name="runScenario" time="1.556"/>
  <testcase classname="testrunner1.TestRunner" name="runScenario" time="1.117"/>
  <testcase classname="testrunner1.TestRunner" name="runScenario" time="1.710"/>
  <testcase classname="testrunner1.TestRunner" name="runScenario" time="5.730"/>
  <testcase classname="testrunner1.TestRunner" name="runScenario" time="2.686"/>
  <testcase classname="testrunner1.TestRunner" name="runScenario" time="1.295"/>
</testsuite> <!-- testrunner1.TestRunner -->
