<?xml version="1.0" encoding="UTF-8"?>
<!-- Generated by org.testng.reporters.JUnitReportReporter -->
<testsuite hostname="AAPUs-MacBook-Air.local" failures="0" tests="11" name="testrunner1.TestRunner" time="169.821" errors="0" timestamp="2025-09-15T11:39:43 EDT" skipped="0">
  <testcase classname="testrunner1.TestRunner" name="runScenario" time="16.073"/>
  <testcase classname="testrunner1.TestRunner" name="runScenario" time="16.001"/>
  <testcase classname="testrunner1.TestRunner" name="runScenario" time="16.460"/>
  <testcase classname="testrunner1.TestRunner" name="runScenario" time="15.808"/>
  <testcase classname="testrunner1.TestRunner" name="runScenario" time="16.109"/>
  <testcase classname="testrunner1.TestRunner" name="runScenario" time="15.193"/>
  <testcase classname="testrunner1.TestRunner" name="runScenario" time="16.009"/>
  <testcase classname="testrunner1.TestRunner" name="runScenario" time="16.043"/>
  <testcase classname="testrunner1.TestRunner" name="runScenario" time="16.410"/>
  <testcase classname="testrunner1.TestRunner" name="runScenario" time="17.483"/>
  <testcase classname="testrunner1.TestRunner" name="runScenario" time="8.232"/>
</testsuite> <!-- testrunner1.TestRunner -->
